<?xml version="1.0" encoding="UTF-8"?>
<!-- Generated by org.testng.reporters.JUnitXMLReporter -->
<testsuite ignored="0" hostname="Adityas-MacBook-Pro.local" failures="0" tests="6" name="Default test" time="30.911" errors="0" timestamp="2025-04-02T19:08:54 IST">
  <testcase classname="RunAll.RunAllTogether" name="RegisterFisrst" time="6.708"/>
  <testcase classname="RunAll.RunAllTogether" name="LetsRun" time="2.157"/>
  <testcase classname="RunAll.RunAllTogether" name="LetsRun" time="2.159"/>
  <testcase classname="RunAll.RunAllTogether" name="LetsRun" time="2.141"/>
  <testcase classname="RunAll.RunAllTogether" name="LetsRun" time="2.14"/>
  <testcase classname="RunAll.RunAllTogether" name="UserPagestarts" time="2.562"/>
</testsuite> <!-- Default test -->
