<?xml version="1.0" encoding="UTF-8"?>
<!-- Generated by org.testng.reporters.JUnitXMLReporter -->
<testsuite ignored="0" hostname="Adityas-MacBook-Pro.local" failures="0" tests="4" name="Test" time="14.526" errors="0" timestamp="2025-04-01T23:28:18 IST">
  <testcase classname="RunAll.RunAllTogether" name="LetsRun" time="0.141"/>
  <testcase classname="RunAll.RunAllTogether" name="LetsRun" time="0.161"/>
  <testcase classname="RunAll.RunAllTogether" name="LetsRun" time="0.459"/>
  <testcase classname="RunAll.RunAllTogether" name="LetsRun" time="0.141"/>
</testsuite> <!-- Test -->
