<?xml version="1.0" encoding="UTF-8"?>
<testng-results ignored="0" total="6" passed="6" failed="0" skipped="0">
  <reporter-output>
  </reporter-output>
  <suite started-at="2025-04-02T19:08:23 IST" name="Default suite" finished-at="2025-04-02T19:08:54 IST" duration-ms="30911">
    <groups>
    </groups>
    <test started-at="2025-04-02T19:08:23 IST" name="Default test" finished-at="2025-04-02T19:08:54 IST" duration-ms="30911">
      <class name="RunAll.RunAllTogether">
        <test-method is-config="true" signature="Setup()[pri:0, instance:RunAll.RunAllTogether@5e316c74]" started-at="2025-04-02T19:08:23 IST" name="Setup" finished-at="2025-04-02T19:08:25 IST" duration-ms="1911" status="PASS">
          <reporter-output>
          </reporter-output>
        </test-method> <!-- Setup -->
        <test-method signature="RegisterFisrst()[pri:1, instance:RunAll.RunAllTogether@5e316c74]" started-at="2025-04-02T19:08:25 IST" name="RegisterFisrst" finished-at="2025-04-02T19:08:32 IST" duration-ms="6708" status="PASS">
          <reporter-output>
          </reporter-output>
        </test-method> <!-- RegisterFisrst -->
        <test-method is-config="true" signature="end()[pri:0, instance:RunAll.RunAllTogether@5e316c74]" started-at="2025-04-02T19:08:32 IST" name="end" finished-at="2025-04-02T19:08:32 IST" duration-ms="0" status="PASS">
          <reporter-output>
          </reporter-output>
        </test-method> <!-- end -->
        <test-method is-config="true" signature="Setup()[pri:0, instance:RunAll.RunAllTogether@5e316c74]" started-at="2025-04-02T19:08:32 IST" name="Setup" finished-at="2025-04-02T19:08:35 IST" duration-ms="2405" status="PASS">
          <reporter-output>
          </reporter-output>
        </test-method> <!-- Setup -->
        <test-method signature="LetsRun(java.lang.String,java.lang.String,java.lang.String)[pri:2, instance:RunAll.RunAllTogether@5e316c74]" started-at="2025-04-02T19:08:35 IST" name="LetsRun" data-provider="loginData" finished-at="2025-04-02T19:08:37 IST" duration-ms="2157" status="PASS">
          <params>
            <param index="0">
              <value>
                <![CDATA[adit@gmail.com]]>
              </value>
            </param>
            <param index="1">
              <value>
                <![CDATA[123]]>
              </value>
            </param>
            <param index="2">
              <value>
                <![CDATA[invalid]]>
              </value>
            </param>
          </params>
          <reporter-output>
          </reporter-output>
        </test-method> <!-- LetsRun -->
        <test-method is-config="true" signature="end()[pri:0, instance:RunAll.RunAllTogether@5e316c74]" started-at="2025-04-02T19:08:37 IST" name="end" finished-at="2025-04-02T19:08:37 IST" duration-ms="0" status="PASS">
          <reporter-output>
          </reporter-output>
        </test-method> <!-- end -->
        <test-method is-config="true" signature="Setup()[pri:0, instance:RunAll.RunAllTogether@5e316c74]" started-at="2025-04-02T19:08:37 IST" name="Setup" finished-at="2025-04-02T19:08:40 IST" duration-ms="2717" status="PASS">
          <reporter-output>
          </reporter-output>
        </test-method> <!-- Setup -->
        <test-method signature="LetsRun(java.lang.String,java.lang.String,java.lang.String)[pri:2, instance:RunAll.RunAllTogether@5e316c74]" started-at="2025-04-02T19:08:40 IST" name="LetsRun" data-provider="loginData" finished-at="2025-04-02T19:08:42 IST" duration-ms="2159" status="PASS">
          <params>
            <param index="0">
              <value>
                <![CDATA[asd@gmail.com]]>
              </value>
            </param>
            <param index="1">
              <value>
                <![CDATA[12@]]>
              </value>
            </param>
            <param index="2">
              <value>
                <![CDATA[invalid]]>
              </value>
            </param>
          </params>
          <reporter-output>
          </reporter-output>
        </test-method> <!-- LetsRun -->
        <test-method is-config="true" signature="Setup()[pri:0, instance:RunAll.RunAllTogether@5e316c74]" started-at="2025-04-02T19:08:42 IST" name="Setup" finished-at="2025-04-02T19:08:43 IST" duration-ms="1613" status="PASS">
          <reporter-output>
          </reporter-output>
        </test-method> <!-- Setup -->
        <test-method is-config="true" signature="end()[pri:0, instance:RunAll.RunAllTogether@5e316c74]" started-at="2025-04-02T19:08:42 IST" name="end" finished-at="2025-04-02T19:08:42 IST" duration-ms="0" status="PASS">
          <reporter-output>
          </reporter-output>
        </test-method> <!-- end -->
        <test-method signature="LetsRun(java.lang.String,java.lang.String,java.lang.String)[pri:2, instance:RunAll.RunAllTogether@5e316c74]" started-at="2025-04-02T19:08:43 IST" name="LetsRun" data-provider="loginData" finished-at="2025-04-02T19:08:46 IST" duration-ms="2141" status="PASS">
          <params>
            <param index="0">
              <value>
                <![CDATA[rafg@gmail.com]]>
              </value>
            </param>
            <param index="1">
              <value>
                <![CDATA[123#]]>
              </value>
            </param>
            <param index="2">
              <value>
                <![CDATA[invalid]]>
              </value>
            </param>
          </params>
          <reporter-output>
          </reporter-output>
        </test-method> <!-- LetsRun -->
        <test-method is-config="true" signature="end()[pri:0, instance:RunAll.RunAllTogether@5e316c74]" started-at="2025-04-02T19:08:46 IST" name="end" finished-at="2025-04-02T19:08:46 IST" duration-ms="0" status="PASS">
          <reporter-output>
          </reporter-output>
        </test-method> <!-- end -->
        <test-method is-config="true" signature="Setup()[pri:0, instance:RunAll.RunAllTogether@5e316c74]" started-at="2025-04-02T19:08:46 IST" name="Setup" finished-at="2025-04-02T19:08:48 IST" duration-ms="2280" status="PASS">
          <reporter-output>
          </reporter-output>
        </test-method> <!-- Setup -->
        <test-method signature="LetsRun(java.lang.String,java.lang.String,java.lang.String)[pri:2, instance:RunAll.RunAllTogether@5e316c74]" started-at="2025-04-02T19:08:48 IST" name="LetsRun" data-provider="loginData" finished-at="2025-04-02T19:08:50 IST" duration-ms="2140" status="PASS">
          <params>
            <param index="0">
              <value>
                <![CDATA[kiran@gmail.com]]>
              </value>
            </param>
            <param index="1">
              <value>
                <![CDATA[123456]]>
              </value>
            </param>
            <param index="2">
              <value>
                <![CDATA[valid]]>
              </value>
            </param>
          </params>
          <reporter-output>
          </reporter-output>
        </test-method> <!-- LetsRun -->
        <test-method is-config="true" signature="end()[pri:0, instance:RunAll.RunAllTogether@5e316c74]" started-at="2025-04-02T19:08:50 IST" name="end" finished-at="2025-04-02T19:08:50 IST" duration-ms="0" status="PASS">
          <reporter-output>
          </reporter-output>
        </test-method> <!-- end -->
        <test-method is-config="true" signature="Setup()[pri:0, instance:RunAll.RunAllTogether@5e316c74]" started-at="2025-04-02T19:08:50 IST" name="Setup" finished-at="2025-04-02T19:08:52 IST" duration-ms="1753" status="PASS">
          <reporter-output>
          </reporter-output>
        </test-method> <!-- Setup -->
        <test-method signature="UserPagestarts()[pri:3, instance:RunAll.RunAllTogether@5e316c74]" started-at="2025-04-02T19:08:52 IST" name="UserPagestarts" finished-at="2025-04-02T19:08:54 IST" duration-ms="2562" status="PASS">
          <reporter-output>
          </reporter-output>
        </test-method> <!-- UserPagestarts -->
        <test-method is-config="true" signature="end()[pri:0, instance:RunAll.RunAllTogether@5e316c74]" started-at="2025-04-02T19:08:54 IST" name="end" finished-at="2025-04-02T19:08:54 IST" duration-ms="0" status="PASS">
          <reporter-output>
          </reporter-output>
        </test-method> <!-- end -->
      </class> <!-- RunAll.RunAllTogether -->
    </test> <!-- Default test -->
  </suite> <!-- Default suite -->
</testng-results>
